<?xml version="1.0" encoding="UTF-8"?>
<!-- Generated by org.testng.reporters.JUnitXMLReporter -->
<testsuite ignored="9" hostname="LAPTOP-PCCUKN8F" failures="0" tests="1" name="Default test" time="34.124" errors="0" timestamp="2024-05-24T10:44:05 CDT">
  <testcase classname="com.automation.tests.TestScripts" name="validateScrollUntillElement_withGestures_06" time="20.291"/>
  <testcase classname="com.automation.tests.TestScripts" name="validateLoginInValidEmail_01" time="0.0">
    <ignored/>
  </testcase> <!-- validateLoginInValidEmail_01 -->
  <testcase classname="com.automation.tests.TestScripts" name="validate_Solondriod_doubleTap_withGestures09" time="0.0">
    <ignored/>
  </testcase> <!-- validate_Solondriod_doubleTap_withGestures09 -->
  <testcase classname="com.automation.tests.TestScripts" name="validateSwipe_withGestures_05" time="0.0">
    <ignored/>
  </testcase> <!-- validateSwipe_withGestures_05 -->
  <testcase classname="com.automation.tests.TestScripts" name="validateDragAndDrop_withGestures_07" time="0.0">
    <ignored/>
  </testcase> <!-- validateDragAndDrop_withGestures_07 -->
  <testcase classname="com.automation.tests.TestScripts" name="validate_Solondriod_zoom_FingureGesture_10" time="0.0">
    <ignored/>
  </testcase> <!-- validate_Solondriod_zoom_FingureGesture_10 -->
  <testcase classname="com.automation.tests.TestScripts" name="validateSwitchApp_withGestures_09" time="0.0">
    <ignored/>
  </testcase> <!-- validateSwitchApp_withGestures_09 -->
  <testcase classname="com.automation.tests.TestScripts" name="validateForm_04" time="0.0">
    <ignored/>
  </testcase> <!-- validateForm_04 -->
  <testcase classname="com.automation.tests.TestScripts" name="validateLoginSucess_03" time="0.0">
    <ignored/>
  </testcase> <!-- validateLoginSucess_03 -->
  <testcase classname="com.automation.tests.TestScripts" name="validateLoginInValidPassword_02" time="0.0">
    <ignored/>
  </testcase> <!-- validateLoginInValidPassword_02 -->
</testsuite> <!-- Default test -->
