<?xml version="1.0" encoding="UTF-8"?>
<testng-results ignored="0" total="1" passed="1" failed="0" skipped="0">
  <reporter-output>
  </reporter-output>
  <suite started-at="2024-05-24T10:43:31 CDT" name="Default suite" finished-at="2024-05-24T10:44:05 CDT" duration-ms="34124">
    <groups>
    </groups>
    <test started-at="2024-05-24T10:43:31 CDT" name="Default test" finished-at="2024-05-24T10:44:05 CDT" duration-ms="34124">
      <class name="com.automation.tests.TestScripts">
        <test-method is-config="true" signature="setUp()[pri:0, instance:com.automation.tests.TestScripts@17fc391b]" started-at="2024-05-24T10:43:31 CDT" name="setUp" finished-at="2024-05-24T10:43:44 CDT" duration-ms="13754" status="PASS">
          <reporter-output>
          </reporter-output>
        </test-method> <!-- setUp -->
        <test-method signature="validateScrollUntillElement_withGestures_06()[pri:0, instance:com.automation.tests.TestScripts@17fc391b]" started-at="2024-05-24T10:43:45 CDT" name="validateScrollUntillElement_withGestures_06" finished-at="2024-05-24T10:44:05 CDT" duration-ms="20291" status="PASS">
          <reporter-output>
          </reporter-output>
        </test-method> <!-- validateScrollUntillElement_withGestures_06 -->
      </class> <!-- com.automation.tests.TestScripts -->
    </test> <!-- Default test -->
  </suite> <!-- Default suite -->
</testng-results>
